<?xml version="1.0" encoding="UTF-8"?>
<testsuite name="com.localcloud.license.db.SchemaInitializerTest" tests="2" skipped="0" failures="0" errors="0" timestamp="2026-05-11T18:13:46.097Z" hostname="LM-SJN-40043519" time="0.017">
  <properties/>
  <testcase name="schemaCreatesAllTables()" classname="com.localcloud.license.db.SchemaInitializerTest" time="0.011"/>
  <testcase name="schemaIsIdempotent()" classname="com.localcloud.license.db.SchemaInitializerTest" time="0.006"/>
  <system-out><![CDATA[11:13:46.106 [Test worker] INFO  c.l.license.db.SchemaInitializer - License server database schema initialized
11:13:46.113 [Test worker] INFO  c.l.license.db.SchemaInitializer - License server database schema initialized
11:13:46.114 [Test worker] INFO  c.l.license.db.SchemaInitializer - License server database schema initialized
]]></system-out>
  <system-err><![CDATA[]]></system-err>
</testsuite>
