<?xml version="1.0" encoding="UTF-8"?>
<testsuite name="com.localcloud.license.auth.SessionRepositoryTest" tests="6" skipped="0" failures="0" errors="0" timestamp="2026-05-12T02:43:27.427Z" hostname="LM-SJN-40043519" time="0.063">
  <properties/>
  <testcase name="expireSession_nonExistentToken_returnsFalse()" classname="com.localcloud.license.auth.SessionRepositoryTest" time="0.013"/>
  <testcase name="createAndValidate_returnsUserId()" classname="com.localcloud.license.auth.SessionRepositoryTest" time="0.019"/>
  <testcase name="invalidToken_returnsNull()" classname="com.localcloud.license.auth.SessionRepositoryTest" time="0.012"/>
  <testcase name="nullToken_returnsNull()" classname="com.localcloud.license.auth.SessionRepositoryTest" time="0.005"/>
  <testcase name="expireSession_thenValidate_returnsNull()" classname="com.localcloud.license.auth.SessionRepositoryTest" time="0.01"/>
  <testcase name="blankToken_returnsNull()" classname="com.localcloud.license.auth.SessionRepositoryTest" time="0.003"/>
  <system-out><![CDATA[19:43:27.439 [Test worker] INFO  c.l.license.db.SchemaInitializer - License server database schema initialized
19:43:27.453 [Test worker] INFO  c.l.license.db.SchemaInitializer - License server database schema initialized
19:43:27.470 [Test worker] INFO  c.l.license.db.SchemaInitializer - License server database schema initialized
19:43:27.476 [Test worker] INFO  c.l.license.db.SchemaInitializer - License server database schema initialized
19:43:27.480 [Test worker] INFO  c.l.license.db.SchemaInitializer - License server database schema initialized
19:43:27.490 [Test worker] INFO  c.l.license.db.SchemaInitializer - License server database schema initialized
]]></system-out>
  <system-err><![CDATA[]]></system-err>
</testsuite>
