<?xml version="1.0" encoding="UTF-8"?>
<testsuite name="com.localcloud.license.auth.SessionAuthDecoratorTest" tests="4" skipped="0" failures="0" errors="0" timestamp="2026-05-12T02:43:26.040Z" hostname="LM-SJN-40043519" time="1.385">
  <properties/>
  <testcase name="validToken_setsUserIdAttributeAndDelegates()" classname="com.localcloud.license.auth.SessionAuthDecoratorTest" time="1.359"/>
  <testcase name="missingAuthHeader_returns401()" classname="com.localcloud.license.auth.SessionAuthDecoratorTest" time="0.016"/>
  <testcase name="sessionRepoException_returns500()" classname="com.localcloud.license.auth.SessionAuthDecoratorTest" time="0.004"/>
  <testcase name="invalidToken_returns401()" classname="com.localcloud.license.auth.SessionAuthDecoratorTest" time="0.002"/>
  <system-out><![CDATA[19:43:26.877 [Test worker] INFO  com.linecorp.armeria.common.Flags - verboseExceptions: rate-limit=10 (default)
19:43:27.313 [Test worker] INFO  com.linecorp.armeria.common.Flags - useEpoll: false (default)
19:43:27.326 [Test worker] INFO  com.linecorp.armeria.common.Flags - annotatedServiceExceptionVerbosity: unhandled (default)
]]></system-out>
  <system-err><![CDATA[WARNING: A Java agent has been loaded dynamically (/Users/jsenjaliya/.gradle/caches/modules-2/files-2.1/net.bytebuddy/byte-buddy-agent/1.14.12/be4984cb6fd1ef1d11f218a648889dfda44b8a15/byte-buddy-agent-1.14.12.jar)
WARNING: If a serviceability tool is in use, please run with -XX:+EnableDynamicAgentLoading to hide this warning
WARNING: If a serviceability tool is not in use, please run with -Djdk.instrument.traceUsage for more information
WARNING: Dynamic loading of agents will be disallowed by default in a future release
]]></system-err>
</testsuite>
