<?xml version="1.0" encoding="UTF-8"?>
<testsuite name="com.localcloud.license.validation.JwtSignerTest" tests="6" skipped="0" failures="0" errors="0" timestamp="2026-05-12T02:43:27.558Z" hostname="LM-SJN-40043519" time="0.808">
  <properties/>
  <testcase name="nullEmailDefaultsToUnknown()" classname="com.localcloud.license.validation.JwtSignerTest" time="0.268"/>
  <testcase name="tokenSignedWithDifferentKeyIsRejected()" classname="com.localcloud.license.validation.JwtSignerTest" time="0.196"/>
  <testcase name="signedTokenParsesBackCorrectly()" classname="com.localcloud.license.validation.JwtSignerTest" time="0.143"/>
  <testcase name="issuerClaimIsLocalcloudLicense()" classname="com.localcloud.license.validation.JwtSignerTest" time="0.089"/>
  <testcase name="nullDeviceIdDefaultsToEmpty()" classname="com.localcloud.license.validation.JwtSignerTest" time="0.051"/>
  <testcase name="expiredTokenIsRejected()" classname="com.localcloud.license.validation.JwtSignerTest" time="0.06"/>
  <system-out><![CDATA[19:43:27.559 [Test worker] WARN  c.l.l.validation.KeyPairManager - LOCALCLOUD_LICENSE_PRIVATE_KEY not set — generating ephemeral RSA-2048 key pair. Clients will need to fetch the public key from /license/public-key on each restart.
19:43:27.827 [Test worker] WARN  c.l.l.validation.KeyPairManager - LOCALCLOUD_LICENSE_PRIVATE_KEY not set — generating ephemeral RSA-2048 key pair. Clients will need to fetch the public key from /license/public-key on each restart.
19:43:27.914 [Test worker] WARN  c.l.l.validation.KeyPairManager - LOCALCLOUD_LICENSE_PRIVATE_KEY not set — generating ephemeral RSA-2048 key pair. Clients will need to fetch the public key from /license/public-key on each restart.
19:43:28.024 [Test worker] WARN  c.l.l.validation.KeyPairManager - LOCALCLOUD_LICENSE_PRIVATE_KEY not set — generating ephemeral RSA-2048 key pair. Clients will need to fetch the public key from /license/public-key on each restart.
19:43:28.167 [Test worker] WARN  c.l.l.validation.KeyPairManager - LOCALCLOUD_LICENSE_PRIVATE_KEY not set — generating ephemeral RSA-2048 key pair. Clients will need to fetch the public key from /license/public-key on each restart.
19:43:28.256 [Test worker] WARN  c.l.l.validation.KeyPairManager - LOCALCLOUD_LICENSE_PRIVATE_KEY not set — generating ephemeral RSA-2048 key pair. Clients will need to fetch the public key from /license/public-key on each restart.
19:43:28.307 [Test worker] WARN  c.l.l.validation.KeyPairManager - LOCALCLOUD_LICENSE_PRIVATE_KEY not set — generating ephemeral RSA-2048 key pair. Clients will need to fetch the public key from /license/public-key on each restart.
]]></system-out>
  <system-err><![CDATA[]]></system-err>
</testsuite>
