<?xml version="1.0" encoding="UTF-8"?>
<testsuite name="com.localcloud.license.validation.LicenseValidationTest" tests="4" skipped="0" failures="0" errors="0" timestamp="2026-05-12T02:43:28.731Z" hostname="LM-SJN-40043519" time="0.033">
  <properties/>
  <testcase name="unknownKeyIsRejected()" classname="com.localcloud.license.validation.LicenseValidationTest" time="0.006"/>
  <testcase name="validKeyReturnsProTier()" classname="com.localcloud.license.validation.LicenseValidationTest" time="0.005"/>
  <testcase name="revokedKeyIsRejected()" classname="com.localcloud.license.validation.LicenseValidationTest" time="0.004"/>
  <testcase name="deviceIsTrackedOnValidation()" classname="com.localcloud.license.validation.LicenseValidationTest" time="0.018"/>
  <system-out><![CDATA[19:43:28.734 [Test worker] INFO  c.l.license.db.SchemaInitializer - License server database schema initialized
19:43:28.739 [Test worker] INFO  c.l.license.db.SchemaInitializer - License server database schema initialized
19:43:28.744 [Test worker] INFO  c.l.license.db.SchemaInitializer - License server database schema initialized
19:43:28.748 [Test worker] INFO  c.l.license.db.SchemaInitializer - License server database schema initialized
]]></system-out>
  <system-err><![CDATA[]]></system-err>
</testsuite>
