<?xml version="1.0" encoding="UTF-8"?>
<testsuite name="com.localcloud.license.validation.KeyPairManagerTest" tests="5" skipped="0" failures="0" errors="0" timestamp="2026-05-12T02:43:28.367Z" hostname="LM-SJN-40043519" time="0.363">
  <properties/>
  <testcase name="getPublicKeyBase64ReturnsNonBlankBase64()" classname="com.localcloud.license.validation.KeyPairManagerTest" time="0.109"/>
  <testcase name="publicKeyBase64IsX509EncodedFormat()" classname="com.localcloud.license.validation.KeyPairManagerTest" time="0.057"/>
  <testcase name="twoEphemeralManagersProduceDifferentKeys()" classname="com.localcloud.license.validation.KeyPairManagerTest" time="0.127"/>
  <testcase name="malformedEnvVarThrowsIllegalStateException()" classname="com.localcloud.license.validation.KeyPairManagerTest" time="0.01"/>
  <testcase name="ephemeralGenerationProducesValidKeyPair()" classname="com.localcloud.license.validation.KeyPairManagerTest" time="0.059"/>
  <system-out><![CDATA[19:43:28.367 [Test worker] WARN  c.l.l.validation.KeyPairManager - LOCALCLOUD_LICENSE_PRIVATE_KEY not set — generating ephemeral RSA-2048 key pair. Clients will need to fetch the public key from /license/public-key on each restart.
19:43:28.477 [Test worker] WARN  c.l.l.validation.KeyPairManager - LOCALCLOUD_LICENSE_PRIVATE_KEY not set — generating ephemeral RSA-2048 key pair. Clients will need to fetch the public key from /license/public-key on each restart.
19:43:28.533 [Test worker] WARN  c.l.l.validation.KeyPairManager - LOCALCLOUD_LICENSE_PRIVATE_KEY not set — generating ephemeral RSA-2048 key pair. Clients will need to fetch the public key from /license/public-key on each restart.
19:43:28.579 [Test worker] WARN  c.l.l.validation.KeyPairManager - LOCALCLOUD_LICENSE_PRIVATE_KEY not set — generating ephemeral RSA-2048 key pair. Clients will need to fetch the public key from /license/public-key on each restart.
19:43:28.672 [Test worker] WARN  c.l.l.validation.KeyPairManager - LOCALCLOUD_LICENSE_PRIVATE_KEY not set — generating ephemeral RSA-2048 key pair. Clients will need to fetch the public key from /license/public-key on each restart.
]]></system-out>
  <system-err><![CDATA[]]></system-err>
</testsuite>
