<?xml version="1.0" encoding="UTF-8"?>
<testsuite name="com.localcloud.license.db.SchemaInitializerTest" tests="2" skipped="0" failures="0" errors="0" timestamp="2026-05-12T02:43:27.491Z" hostname="LM-SJN-40043519" time="0.011">
  <properties/>
  <testcase name="schemaCreatesAllTables()" classname="com.localcloud.license.db.SchemaInitializerTest" time="0.007"/>
  <testcase name="schemaIsIdempotent()" classname="com.localcloud.license.db.SchemaInitializerTest" time="0.004"/>
  <system-out><![CDATA[19:43:27.497 [Test worker] INFO  c.l.license.db.SchemaInitializer - License server database schema initialized
19:43:27.501 [Test worker] INFO  c.l.license.db.SchemaInitializer - License server database schema initialized
19:43:27.502 [Test worker] INFO  c.l.license.db.SchemaInitializer - License server database schema initialized
]]></system-out>
  <system-err><![CDATA[]]></system-err>
</testsuite>
