<?xml version="1.0" encoding="UTF-8"?>
<testsuite name="com.localcloud.license.keys.ApiKeyRepositoryTest" tests="4" skipped="0" failures="0" errors="0" timestamp="2026-05-12T02:43:27.504Z" hostname="LM-SJN-40043519" time="0.036">
  <properties/>
  <testcase name="revokedKeyNotFoundByHash()" classname="com.localcloud.license.keys.ApiKeyRepositoryTest" time="0.006"/>
  <testcase name="findActiveKeyByHashWorks()" classname="com.localcloud.license.keys.ApiKeyRepositoryTest" time="0.003"/>
  <testcase name="generateAndStoreOnlineKey()" classname="com.localcloud.license.keys.ApiKeyRepositoryTest" time="0.003"/>
  <testcase name="revokeKeyRemovesFromActiveList()" classname="com.localcloud.license.keys.ApiKeyRepositoryTest" time="0.022"/>
  <system-out><![CDATA[19:43:27.506 [Test worker] INFO  c.l.license.db.SchemaInitializer - License server database schema initialized
19:43:27.513 [Test worker] INFO  c.l.license.db.SchemaInitializer - License server database schema initialized
19:43:27.517 [Test worker] INFO  c.l.license.db.SchemaInitializer - License server database schema initialized
19:43:27.538 [Test worker] INFO  c.l.license.db.SchemaInitializer - License server database schema initialized
]]></system-out>
  <system-err><![CDATA[]]></system-err>
</testsuite>
