<?xml version="1.0" encoding="UTF-8"?>
<testsuite name="com.localcloud.license.validation.LicenseValidationTest" tests="4" skipped="0" failures="0" errors="0" timestamp="2026-05-11T18:13:46.201Z" hostname="LM-SJN-40043519" time="0.024">
  <properties/>
  <testcase name="unknownKeyIsRejected()" classname="com.localcloud.license.validation.LicenseValidationTest" time="0.004"/>
  <testcase name="validKeyReturnsProTier()" classname="com.localcloud.license.validation.LicenseValidationTest" time="0.006"/>
  <testcase name="revokedKeyIsRejected()" classname="com.localcloud.license.validation.LicenseValidationTest" time="0.007"/>
  <testcase name="deviceIsTrackedOnValidation()" classname="com.localcloud.license.validation.LicenseValidationTest" time="0.006"/>
  <system-out><![CDATA[11:13:46.203 [Test worker] INFO  c.l.license.db.SchemaInitializer - License server database schema initialized
11:13:46.207 [Test worker] INFO  c.l.license.db.SchemaInitializer - License server database schema initialized
11:13:46.213 [Test worker] INFO  c.l.license.db.SchemaInitializer - License server database schema initialized
11:13:46.220 [Test worker] INFO  c.l.license.db.SchemaInitializer - License server database schema initialized
]]></system-out>
  <system-err><![CDATA[]]></system-err>
</testsuite>
