<?xml version="1.0" encoding="UTF-8"?>
<testsuite name="com.localcloud.license.auth.AuthRepositoryTest" tests="6" skipped="0" failures="0" errors="0" timestamp="2026-05-12T02:43:25.804Z" hostname="LM-SJN-40043519" time="0.226">
  <properties/>
  <testcase name="registerCreatesUser()" classname="com.localcloud.license.auth.AuthRepositoryTest" time="0.171"/>
  <testcase name="emailVerificationUpdatesUser()" classname="com.localcloud.license.auth.AuthRepositoryTest" time="0.015"/>
  <testcase name="wrongOtpIsRejected()" classname="com.localcloud.license.auth.AuthRepositoryTest" time="0.009"/>
  <testcase name="duplicateEmailIsIdempotent()" classname="com.localcloud.license.auth.AuthRepositoryTest" time="0.009"/>
  <testcase name="otpIsGeneratedAndValidated()" classname="com.localcloud.license.auth.AuthRepositoryTest" time="0.012"/>
  <testcase name="otpIsConsumedAfterUse()" classname="com.localcloud.license.auth.AuthRepositoryTest" time="0.007"/>
  <system-out><![CDATA[19:43:25.960 [Test worker] INFO  c.l.license.db.SchemaInitializer - License server database schema initialized
19:43:25.983 [Test worker] INFO  c.l.license.db.SchemaInitializer - License server database schema initialized
19:43:25.997 [Test worker] INFO  c.l.license.db.SchemaInitializer - License server database schema initialized
19:43:26.005 [Test worker] INFO  c.l.license.db.SchemaInitializer - License server database schema initialized
19:43:26.020 [Test worker] INFO  c.l.license.db.SchemaInitializer - License server database schema initialized
19:43:26.028 [Test worker] INFO  c.l.license.db.SchemaInitializer - License server database schema initialized
]]></system-out>
  <system-err><![CDATA[]]></system-err>
</testsuite>
