<?xml version="1.0" encoding="UTF-8"?>
<testsuite name="com.localcloud.license.keys.ApiKeyRepositoryTest" tests="4" skipped="0" failures="0" errors="0" timestamp="2026-05-11T18:13:46.116Z" hostname="LM-SJN-40043519" time="0.042">
  <properties/>
  <testcase name="revokedKeyNotFoundByHash()" classname="com.localcloud.license.keys.ApiKeyRepositoryTest" time="0.019"/>
  <testcase name="findActiveKeyByHashWorks()" classname="com.localcloud.license.keys.ApiKeyRepositoryTest" time="0.01"/>
  <testcase name="generateAndStoreOnlineKey()" classname="com.localcloud.license.keys.ApiKeyRepositoryTest" time="0.006"/>
  <testcase name="revokeKeyRemovesFromActiveList()" classname="com.localcloud.license.keys.ApiKeyRepositoryTest" time="0.005"/>
  <system-out><![CDATA[11:13:46.129 [Test worker] INFO  c.l.license.db.SchemaInitializer - License server database schema initialized
11:13:46.142 [Test worker] INFO  c.l.license.db.SchemaInitializer - License server database schema initialized
11:13:46.150 [Test worker] INFO  c.l.license.db.SchemaInitializer - License server database schema initialized
11:13:46.155 [Test worker] INFO  c.l.license.db.SchemaInitializer - License server database schema initialized
]]></system-out>
  <system-err><![CDATA[]]></system-err>
</testsuite>
